#0 building with "default" instance using docker driver

#1 [internal] load build definition from Dockerfile
#1 transferring dockerfile: 378B done
#1 DONE 0.1s

#2 [auth] library/node:pull token for registry-1.docker.io
#2 DONE 0.0s

#3 [internal] load metadata for docker.io/library/node:20
#3 DONE 0.2s

#4 [internal] load .dockerignore
#4 transferring context: 66B done
#4 DONE 0.1s

#5 [1/7] FROM docker.io/library/node:20@sha256:db5dd2f30cb82a8bdbd16acd4a8f3f2789f5b24f6ce43f98aa041be848c82e45
#5 DONE 0.0s

#6 [internal] load build context
#6 transferring context: 1.85kB done
#6 DONE 0.1s

#7 [2/7] WORKDIR /app
#7 CACHED

#8 [3/7] COPY package*.json ./
#8 CACHED

#9 [4/7] RUN npm install
#9 CACHED

#10 [5/7] COPY . .
#10 CACHED

#11 [6/7] COPY ../shared ./shared
#11 ERROR: failed to calculate checksum of ref 1f2f3d40-2b94-4502-ba24-f7e0f9a4dfd5::o286b78tmrmjb61fmiih80joj: "/shared": not found
------
 > [6/7] COPY ../shared ./shared:
------
Dockerfile:16
--------------------
  14 |     
  15 |     # Copy shared folder from the parent directory
  16 | >>> COPY ../shared ./shared
  17 |     
  18 |     # Build the application
--------------------
ERROR: failed to solve: failed to compute cache key: failed to calculate checksum of ref 1f2f3d40-2b94-4502-ba24-f7e0f9a4dfd5::o286b78tmrmjb61fmiih80joj: "/shared": not found
